<?xml version="1.0" encoding="UTF-8"?>
<!-- Generated by org.testng.reporters.JUnitReportReporter -->
<testsuite skipped="0" hostname="994560APD11QA12" name="TestNgPackage.TestNgClass" tests="2" failures="0" timestamp="20 Oct 2018 17:55:18 GMT" time="0.000" errors="0">
  <testcase name="Enteruser" time="0.000" classname="TestNgPackage.TestNgClass"/>
  <testcase name="Enterpwd" time="0.000" classname="TestNgPackage.TestNgClass"/>
</testsuite> <!-- TestNgPackage.TestNgClass -->
