<?xml version="1.0" encoding="UTF-8"?>
<!-- Generated by org.testng.reporters.JUnitReportReporter -->
<testsuite skipped="0" hostname="994560APD11QA12" name="com.primero.qa.testcases.LoginPageTest" tests="3" failures="0" timestamp="22 Oct 2018 19:51:03 GMT" time="10.252" errors="0">
  <testcase name="LaunchURL" time="4.406" classname="com.primero.qa.testcases.LoginPageTest"/>
  <testcase name="LoginPageTitle" time="0.012" classname="com.primero.qa.testcases.LoginPageTest"/>
  <testcase name="enterloginAccount" time="5.834" classname="com.primero.qa.testcases.LoginPageTest"/>
</testsuite> <!-- com.primero.qa.testcases.LoginPageTest -->
