<?xml version="1.0" encoding="UTF-8"?>
<!-- Generated by org.testng.reporters.JUnitReportReporter -->
<testsuite skipped="0" hostname="994560APD11QA12" name="com.primero.qa.testcases.CreateCaseTest" tests="3" failures="0" timestamp="25 Oct 2018 20:57:57 GMT" time="26.413" errors="0">
  <testcase name="LoginIntoPrimero" time="2.875" classname="com.primero.qa.testcases.CreateCaseTest"/>
  <testcase name="FeedDatatoNewCaseForm" time="12.118" classname="com.primero.qa.testcases.CreateCaseTest"/>
  <testcase name="CreateNewCaseForm" time="11.420" classname="com.primero.qa.testcases.CreateCaseTest"/>
</testsuite> <!-- com.primero.qa.testcases.CreateCaseTest -->
